<?xml version="1.0" encoding="UTF-8"?>
<Site BuildName="(empty)"
	BuildStamp="20201209-1852-Experimental"
	Name="(empty)"
	Generator="ctest-3.19.0"
	CompilerName=""
	CompilerVersion=""
	OSName="Windows"
	Hostname="LAPTOP-CEJBF4KG"
	OSRelease=" Personal"
	OSVersion=" (Build 19041)"
	OSPlatform="AMD64"
	Is64Bits="1"
	VendorString="GenuineIntel"
	VendorID="Intel Corporation"
	FamilyID="6"
	ModelID="14"
	ProcessorCacheSize="-1"
	NumberOfLogicalCPU="8"
	NumberOfPhysicalCPU="4"
	TotalVirtualMemory="17294"
	TotalPhysicalMemory="8078"
	LogicalProcessorsPerPhysical="2"
	ProcessorClockFrequency="1800"
	>
	<Testing>
		<StartDateTime>Dec 09 21:49 ?rodkowoeuropejski czas stand.</StartDateTime>
		<StartTestTime>1607546990</StartTestTime>
		<TestList/>
		<EndDateTime>Dec 09 21:49 ?rodkowoeuropejski czas stand.</EndDateTime>
		<EndTestTime>1607546990</EndTestTime>
		<ElapsedMinutes>0</ElapsedMinutes>
	</Testing>
</Site>
